Using pre-set license
Built from '2020.3/staging' branch; Version is '2020.3.9f1 (108be757e447) revision 1084391'; Using compiler version '192528614'; Build Type 'Release'
OS: 'Windows 10 Home Single Language; OS build 19042.1110; Version 2009; 64bit' Language: 'pt' Physical Memory: 8058 MB
BatchMode: 1, IsHumanControllingUs: 0, StartBugReporterOnCrash: 0, Is64bit: 1, IsPro: 0

 COMMAND LINE ARGUMENTS:
C:\Program Files\Unity\Hub\Editor\2020.3.9f1\Editor\Unity.exe
-adb2
-batchMode
-noUpm
-name
AssetImportWorker7
-projectPath
C:/Users/Melissa Soledade/Desktop/UFABC/PROG_JOGOS/jogo-dino
-logFile
Logs/AssetImportWorker7.log
-srvPort
55742
Successfully changed project path to: C:/Users/Melissa Soledade/Desktop/UFABC/PROG_JOGOS/jogo-dino
C:/Users/Melissa Soledade/Desktop/UFABC/PROG_JOGOS/jogo-dino
Using Asset Import Pipeline V2.
Refreshing native plugins compatible for Editor in 52.92 ms, found 0 plugins.
Preloading 0 native plugins for Editor in 0.00 ms.
Initialize engine version: 2020.3.9f1 (108be757e447)
[Subsystems] Discovering subsystems at path C:/Program Files/Unity/Hub/Editor/2020.3.9f1/Editor/Data/Resources/UnitySubsystems
[Subsystems] Discovering subsystems at path C:/Users/Melissa Soledade/Desktop/UFABC/PROG_JOGOS/jogo-dino/Assets
GfxDevice: creating device client; threaded=0
Direct3D:
    Version:  Direct3D 11.0 [level 11.1]
    Renderer: Intel(R) HD Graphics 520 (ID=0x1916)
    Vendor:   
    VRAM:     4029 MB
    Driver:   21.20.16.4599
Initialize mono
Mono path[0] = 'C:/Program Files/Unity/Hub/Editor/2020.3.9f1/Editor/Data/Managed'
Mono path[1] = 'C:/Program Files/Unity/Hub/Editor/2020.3.9f1/Editor/Data/MonoBleedingEdge/lib/mono/unityjit'
Mono config path = 'C:/Program Files/Unity/Hub/Editor/2020.3.9f1/Editor/Data/MonoBleedingEdge/etc'
Using monoOptions --debugger-agent=transport=dt_socket,embedding=1,server=y,suspend=n,address=127.0.0.1:56096
Begin MonoManager ReloadAssembly
Registering precompiled unity dll's ...
Register platform support module: C:/Program Files/Unity/Hub/Editor/2020.3.9f1/Editor/Data/PlaybackEngines/WebGLSupport/UnityEditor.WebGL.Extensions.dll
Register platform support module: C:/Program Files/Unity/Hub/Editor/2020.3.9f1/Editor/Data/PlaybackEngines/WindowsStandaloneSupport/UnityEditor.WindowsStandalone.Extensions.dll
Registered in 0.006420 seconds.
Native extension for WindowsStandalone target not found
Native extension for WebGL target not found
Refreshing native plugins compatible for Editor in 60.39 ms, found 0 plugins.
Preloading 0 native plugins for Editor in 0.00 ms.
Mono: successfully reloaded assembly
- Completed reload, in  3.616 seconds
Platform modules already initialized, skipping
Registering precompiled user dll's ...
Registered in 0.002485 seconds.
Begin MonoManager ReloadAssembly
Native extension for WindowsStandalone target not found
Native extension for WebGL target not found
Refreshing native plugins compatible for Editor in 0.37 ms, found 0 plugins.
Preloading 0 native plugins for Editor in 0.00 ms.
Mono: successfully reloaded assembly
- Completed reload, in  2.557 seconds
Platform modules already initialized, skipping
========================================================================
Worker process is ready to serve import requests
Launched and connected shader compiler UnityShaderCompiler.exe after 0.49 seconds
Refreshing native plugins compatible for Editor in 0.63 ms, found 0 plugins.
Preloading 0 native plugins for Editor in 0.00 ms.
Unloading 1121 Unused Serialized files (Serialized files now loaded: 0)
System memory in use before: 71.4 MB.
System memory in use after: 71.5 MB.

Unloading 9 unused Assets to reduce memory usage. Loaded Objects now: 1591.
Total: 4.554800 ms (FindLiveObjects: 0.234100 ms CreateObjectMapping: 0.062900 ms MarkObjects: 3.985600 ms  DeleteObjects: 0.269900 ms)

========================================================================
Received Import Request.
  path: Assets/Scripts/CameraScript.cs
  artifactKey: Guid(b4c1dade45eae314ab70474791120d22) Importer(815301076,1909f56bfc062723c751e8b465ee728b)
Start importing Assets/Scripts/CameraScript.cs using Guid(b4c1dade45eae314ab70474791120d22) Importer(815301076,1909f56bfc062723c751e8b465ee728b)  -> (artifact id: '98ec55cd8dbc431e5adcbc09bc95cb0e') in 0.409783 seconds
  Import took 0.456425 seconds .

========================================================================
Received Prepare
Registering precompiled user dll's ...
Registered in 0.001604 seconds.
Begin MonoManager ReloadAssembly
Native extension for WindowsStandalone target not found
Native extension for WebGL target not found
Refreshing native plugins compatible for Editor in 0.41 ms, found 0 plugins.
Preloading 0 native plugins for Editor in 0.00 ms.
Mono: successfully reloaded assembly
- Completed reload, in  2.285 seconds
Platform modules already initialized, skipping
Refreshing native plugins compatible for Editor in 0.65 ms, found 0 plugins.
Preloading 0 native plugins for Editor in 0.00 ms.
Unloading 1115 Unused Serialized files (Serialized files now loaded: 0)
System memory in use before: 71.2 MB.
System memory in use after: 71.3 MB.

Unloading 4 unused Assets to reduce memory usage. Loaded Objects now: 1594.
Total: 2.848000 ms (FindLiveObjects: 0.227800 ms CreateObjectMapping: 0.083800 ms MarkObjects: 2.503300 ms  DeleteObjects: 0.030800 ms)

========================================================================
Received Import Request.
  Time since last request: 1039.375950 seconds.
  path: Assets/Scripts/HalfPointTrigger.cs
  artifactKey: Guid(9114a42cd47dfdd4ba29c394e6409a84) Importer(815301076,1909f56bfc062723c751e8b465ee728b)
Start importing Assets/Scripts/HalfPointTrigger.cs using Guid(9114a42cd47dfdd4ba29c394e6409a84) Importer(815301076,1909f56bfc062723c751e8b465ee728b)  -> (artifact id: '4e11185c4e49ce886b06957b94d8d209') in 0.062754 seconds
  Import took 0.090619 seconds .

========================================================================
Received Import Request.
  Time since last request: 1.327942 seconds.
  path: Assets/Scripts/LapComplete.cs
  artifactKey: Guid(924ee405b16f25f4395d83c7795e618d) Importer(815301076,1909f56bfc062723c751e8b465ee728b)
Start importing Assets/Scripts/LapComplete.cs using Guid(924ee405b16f25f4395d83c7795e618d) Importer(815301076,1909f56bfc062723c751e8b465ee728b)  -> (artifact id: '49e2cba94bcb2b241069c39ed34372e2') in 0.028327 seconds
  Import took 0.071871 seconds .

========================================================================
Received Import Request.
  Time since last request: 1.151985 seconds.
  path: Assets/Scripts/LapTimeManager.cs
  artifactKey: Guid(437439ab61ba4e14bb63298eccbd5f15) Importer(815301076,1909f56bfc062723c751e8b465ee728b)
Start importing Assets/Scripts/LapTimeManager.cs using Guid(437439ab61ba4e14bb63298eccbd5f15) Importer(815301076,1909f56bfc062723c751e8b465ee728b)  -> (artifact id: '748fdc85464a3b728b17e934b5a9adc4') in 0.096137 seconds
  Import took 0.117142 seconds .

========================================================================
Received Import Request.
  Time since last request: 0.002712 seconds.
  path: Assets/Scripts/LapTimeManager.cs
  artifactKey: Guid(437439ab61ba4e14bb63298eccbd5f15) Importer(815301076,1909f56bfc062723c751e8b465ee728b)
Start importing Assets/Scripts/LapTimeManager.cs using Guid(437439ab61ba4e14bb63298eccbd5f15) Importer(815301076,1909f56bfc062723c751e8b465ee728b)  -> (artifact id: '748fdc85464a3b728b17e934b5a9adc4') in 0.014783 seconds
  Import took 0.029160 seconds .

AssetImportWorkerClient::OnTransportError - code=2 error=End of file
