Using pre-set license
Built from '2020.3/staging' branch; Version is '2020.3.9f1 (108be757e447) revision 1084391'; Using compiler version '192528614'; Build Type 'Release'
OS: 'Windows 10 Home Single Language; OS build 19042.1083; Version 2009; 64bit' Language: 'pt' Physical Memory: 8058 MB
BatchMode: 1, IsHumanControllingUs: 0, StartBugReporterOnCrash: 0, Is64bit: 1, IsPro: 0

 COMMAND LINE ARGUMENTS:
C:\Program Files\Unity\Hub\Editor\2020.3.9f1\Editor\Unity.exe
-adb2
-batchMode
-noUpm
-name
AssetImportWorker8
-projectPath
C:/Users/Melissa Soledade/Desktop/UFABC/PROG_JOGOS/jogo-dino
-logFile
Logs/AssetImportWorker8.log
-srvPort
64075
Successfully changed project path to: C:/Users/Melissa Soledade/Desktop/UFABC/PROG_JOGOS/jogo-dino
C:/Users/Melissa Soledade/Desktop/UFABC/PROG_JOGOS/jogo-dino
Using Asset Import Pipeline V2.
Refreshing native plugins compatible for Editor in 56.91 ms, found 0 plugins.
Preloading 0 native plugins for Editor in 0.00 ms.
Initialize engine version: 2020.3.9f1 (108be757e447)
[Subsystems] Discovering subsystems at path C:/Program Files/Unity/Hub/Editor/2020.3.9f1/Editor/Data/Resources/UnitySubsystems
[Subsystems] Discovering subsystems at path C:/Users/Melissa Soledade/Desktop/UFABC/PROG_JOGOS/jogo-dino/Assets
GfxDevice: creating device client; threaded=0
Direct3D:
    Version:  Direct3D 11.0 [level 11.1]
    Renderer: Intel(R) HD Graphics 520 (ID=0x1916)
    Vendor:   
    VRAM:     4029 MB
    Driver:   21.20.16.4599
Initialize mono
Mono path[0] = 'C:/Program Files/Unity/Hub/Editor/2020.3.9f1/Editor/Data/Managed'
Mono path[1] = 'C:/Program Files/Unity/Hub/Editor/2020.3.9f1/Editor/Data/MonoBleedingEdge/lib/mono/unityjit'
Mono config path = 'C:/Program Files/Unity/Hub/Editor/2020.3.9f1/Editor/Data/MonoBleedingEdge/etc'
Using monoOptions --debugger-agent=transport=dt_socket,embedding=1,server=y,suspend=n,address=127.0.0.1:56472
Begin MonoManager ReloadAssembly
Registering precompiled unity dll's ...
Register platform support module: C:/Program Files/Unity/Hub/Editor/2020.3.9f1/Editor/Data/PlaybackEngines/WebGLSupport/UnityEditor.WebGL.Extensions.dll
Register platform support module: C:/Program Files/Unity/Hub/Editor/2020.3.9f1/Editor/Data/PlaybackEngines/WindowsStandaloneSupport/UnityEditor.WindowsStandalone.Extensions.dll
Registered in 0.003631 seconds.
Native extension for WindowsStandalone target not found
Native extension for WebGL target not found
Refreshing native plugins compatible for Editor in 31.95 ms, found 0 plugins.
Preloading 0 native plugins for Editor in 0.00 ms.
Mono: successfully reloaded assembly
- Completed reload, in  1.648 seconds
Platform modules already initialized, skipping
Registering precompiled user dll's ...
Registered in 0.001046 seconds.
Begin MonoManager ReloadAssembly
Native extension for WindowsStandalone target not found
Native extension for WebGL target not found
Refreshing native plugins compatible for Editor in 0.38 ms, found 0 plugins.
Preloading 0 native plugins for Editor in 0.00 ms.
Mono: successfully reloaded assembly
- Completed reload, in 10.458 seconds
Platform modules already initialized, skipping
========================================================================
Worker process is ready to serve import requests
Launched and connected shader compiler UnityShaderCompiler.exe after 0.91 seconds
Refreshing native plugins compatible for Editor in 0.75 ms, found 0 plugins.
Preloading 0 native plugins for Editor in 0.00 ms.
Unloading 1115 Unused Serialized files (Serialized files now loaded: 0)
System memory in use before: 69.6 MB.
System memory in use after: 69.7 MB.

Unloading 9 unused Assets to reduce memory usage. Loaded Objects now: 1578.
Total: 3.640600 ms (FindLiveObjects: 0.202600 ms CreateObjectMapping: 0.066600 ms MarkObjects: 3.205400 ms  DeleteObjects: 0.164000 ms)

========================================================================
Received Import Request.
  path: Assets/Scenes/TerrainData_595b5164-c5f6-4b0b-a3a3-dd46ecacf9b3.asset
  artifactKey: Guid(a2497f908c97ee8428b7bb58e728b996) Importer(815301076,1909f56bfc062723c751e8b465ee728b)
Start importing Assets/Scenes/TerrainData_595b5164-c5f6-4b0b-a3a3-dd46ecacf9b3.asset using Guid(a2497f908c97ee8428b7bb58e728b996) Importer(815301076,1909f56bfc062723c751e8b465ee728b)  -> (artifact id: '2877023e001af65c78097c12ddc95df8') in 0.718982 seconds
  Import took 0.747593 seconds .

========================================================================
Received Import Request.
  Time since last request: 0.022256 seconds.
  path: Assets/Scenes/scene2.unity
  artifactKey: Guid(cf25e6b80238f1a4e8c8a42141e2a981) Importer(815301076,1909f56bfc062723c751e8b465ee728b)
Start importing Assets/Scenes/scene2.unity using Guid(cf25e6b80238f1a4e8c8a42141e2a981) Importer(815301076,1909f56bfc062723c751e8b465ee728b)  -> (artifact id: 'f1f217c41567d7fb50360a9f54be825d') in 0.052630 seconds
  Import took 0.083105 seconds .

========================================================================
Received Import Request.
  Time since last request: 84.370577 seconds.
  path: Assets/Objects
  artifactKey: Guid(319174de5433e78459892644d8c3163a) Importer(815301076,1909f56bfc062723c751e8b465ee728b)
Start importing Assets/Objects using Guid(319174de5433e78459892644d8c3163a) Importer(815301076,1909f56bfc062723c751e8b465ee728b)  -> (artifact id: '96a2998efa503345479044e47c1a3267') in 0.012200 seconds
  Import took 0.069873 seconds .

========================================================================
Received Import Request.
  Time since last request: 42.434370 seconds.
  path: Assets/Objects/LowPolyTreePack.blend
  artifactKey: Guid(cbe69b1f46bc97542845aa2343bc2467) Importer(815301076,1909f56bfc062723c751e8b465ee728b)
Start importing Assets/Objects/LowPolyTreePack.blend using Guid(cbe69b1f46bc97542845aa2343bc2467) Importer(815301076,1909f56bfc062723c751e8b465ee728b)  -> (artifact id: '2841473443fd6983cbc596dfbd8eff46') in 4.686368 seconds
  Import took 4.691561 seconds .

========================================================================
Received Import Request.
  Time since last request: 109.378479 seconds.
  path: Assets/Objects/Tree Type0 01.dae
  artifactKey: Guid(2ccf20be2b19a28458e13d67f3479265) Importer(815301076,1909f56bfc062723c751e8b465ee728b)
Start importing Assets/Objects/Tree Type0 01.dae using Guid(2ccf20be2b19a28458e13d67f3479265) Importer(815301076,1909f56bfc062723c751e8b465ee728b)  -> (artifact id: 'f66eb5ace2ce7c1c065771ac32cb215a') in 0.109305 seconds
  Import took 0.184602 seconds .

========================================================================
Received Import Request.
  Time since last request: 24.161049 seconds.
  path: Assets/Objects/Tree Type0 02.dae
  artifactKey: Guid(01c1ad030c9e9a84ab6edd4d6656e85b) Importer(815301076,1909f56bfc062723c751e8b465ee728b)
Start importing Assets/Objects/Tree Type0 02.dae using Guid(01c1ad030c9e9a84ab6edd4d6656e85b) Importer(815301076,1909f56bfc062723c751e8b465ee728b)  -> (artifact id: '1535a0ee89817c8023df70ce9954d901') in 0.059510 seconds
  Import took 0.062863 seconds .

========================================================================
Received Import Request.
  Time since last request: 0.000334 seconds.
  path: Assets/Objects/Tree Type2 01.dae
  artifactKey: Guid(b2cada396a642244397f3ed37e209130) Importer(815301076,1909f56bfc062723c751e8b465ee728b)
Start importing Assets/Objects/Tree Type2 01.dae using Guid(b2cada396a642244397f3ed37e209130) Importer(815301076,1909f56bfc062723c751e8b465ee728b)  -> (artifact id: '70aa099a5e356d70cddaca461598af01') in 0.034077 seconds
  Import took 0.036616 seconds .

========================================================================
Received Import Request.
  Time since last request: 0.000352 seconds.
  path: Assets/Objects/Tree Type1 04.dae
  artifactKey: Guid(2f59304ca260ee04daa91deb03fa7075) Importer(815301076,1909f56bfc062723c751e8b465ee728b)
Start importing Assets/Objects/Tree Type1 04.dae using Guid(2f59304ca260ee04daa91deb03fa7075) Importer(815301076,1909f56bfc062723c751e8b465ee728b)  -> (artifact id: 'fb606e3191cb4d2a5b0da546710dbb25') in 0.111819 seconds
  Import took 0.138312 seconds .

========================================================================
Received Import Request.
  Time since last request: 0.000479 seconds.
  path: Assets/Objects/Tree Type6 04.dae
  artifactKey: Guid(54fe402bb1ed83d4596c218c5953abe4) Importer(815301076,1909f56bfc062723c751e8b465ee728b)
Start importing Assets/Objects/Tree Type6 04.dae using Guid(54fe402bb1ed83d4596c218c5953abe4) Importer(815301076,1909f56bfc062723c751e8b465ee728b)  -> (artifact id: 'ac6646267deb233c5da7de6b090c4a74') in 0.073577 seconds
  Import took 0.077945 seconds .

========================================================================
Received Import Request.
  Time since last request: 0.000315 seconds.
  path: Assets/Objects/Tree Type2 05.dae
  artifactKey: Guid(608bbd973aaca4e41becb884a48d1dd7) Importer(815301076,1909f56bfc062723c751e8b465ee728b)
Start importing Assets/Objects/Tree Type2 05.dae using Guid(608bbd973aaca4e41becb884a48d1dd7) Importer(815301076,1909f56bfc062723c751e8b465ee728b)  -> (artifact id: 'd27bfd6ab668fa240d5c8f88d54390e7') in 0.098680 seconds
  Import took 0.130043 seconds .

========================================================================
Received Import Request.
  Time since last request: 0.000311 seconds.
  path: Assets/Objects/Tree Type6 02.dae
  artifactKey: Guid(42948c84c1019f440b7f2cbc44d823ad) Importer(815301076,1909f56bfc062723c751e8b465ee728b)
Start importing Assets/Objects/Tree Type6 02.dae using Guid(42948c84c1019f440b7f2cbc44d823ad) Importer(815301076,1909f56bfc062723c751e8b465ee728b)  -> (artifact id: 'f7f31593c302ac7d457c6ad4c9b429d5') in 0.081243 seconds
  Import took 0.085000 seconds .

========================================================================
Received Import Request.
  Time since last request: 0.000311 seconds.
  path: Assets/Objects/Tree Type1 03.dae
  artifactKey: Guid(dffaa89b83d01984f8c1eaad4a14d17b) Importer(815301076,1909f56bfc062723c751e8b465ee728b)
Start importing Assets/Objects/Tree Type1 03.dae using Guid(dffaa89b83d01984f8c1eaad4a14d17b) Importer(815301076,1909f56bfc062723c751e8b465ee728b)  -> (artifact id: 'd563db3ecb8b8e2f9a84063c2060a1a5') in 0.299686 seconds
  Import took 0.372148 seconds .

========================================================================
Received Import Request.
  Time since last request: 0.000807 seconds.
  path: Assets/Objects/Tree Type4 01.dae
  artifactKey: Guid(814c78f11417b3d438fbfcca2f4a82ee) Importer(815301076,1909f56bfc062723c751e8b465ee728b)
Start importing Assets/Objects/Tree Type4 01.dae using Guid(814c78f11417b3d438fbfcca2f4a82ee) Importer(815301076,1909f56bfc062723c751e8b465ee728b)  -> (artifact id: 'a6c81424f7bc397be81f3184d9788acf') in 0.091249 seconds
  Import took 0.097439 seconds .

========================================================================
Received Import Request.
  Time since last request: 0.000373 seconds.
  path: Assets/Objects/Tree Type0 06.dae
  artifactKey: Guid(42973dee57f4bd544a26557dbda300ae) Importer(815301076,1909f56bfc062723c751e8b465ee728b)
Start importing Assets/Objects/Tree Type0 06.dae using Guid(42973dee57f4bd544a26557dbda300ae) Importer(815301076,1909f56bfc062723c751e8b465ee728b)  -> (artifact id: 'e73704be3cc8969f0a2b677c63b0ebb8') in 0.067496 seconds
  Import took 0.070911 seconds .

========================================================================
Received Import Request.
  Time since last request: 0.000358 seconds.
  path: Assets/Objects/Tree Type0 05.dae
  artifactKey: Guid(75ed6bd97d4e14047ab06c02d72937a1) Importer(815301076,1909f56bfc062723c751e8b465ee728b)
Start importing Assets/Objects/Tree Type0 05.dae using Guid(75ed6bd97d4e14047ab06c02d72937a1) Importer(815301076,1909f56bfc062723c751e8b465ee728b)  -> (artifact id: 'cf12a43c910439fd11ed295617ab02ac') in 0.061185 seconds
  Import took 0.080064 seconds .

========================================================================
Received Import Request.
  Time since last request: 0.000289 seconds.
  path: Assets/Objects/Tree Type5 02.dae
  artifactKey: Guid(2cdf7c940ac6cb64d9fbdff63c2b5592) Importer(815301076,1909f56bfc062723c751e8b465ee728b)
Start importing Assets/Objects/Tree Type5 02.dae using Guid(2cdf7c940ac6cb64d9fbdff63c2b5592) Importer(815301076,1909f56bfc062723c751e8b465ee728b)  -> (artifact id: '768f63b72e945b15986a9303abf4222f') in 0.034471 seconds
  Import took 0.064103 seconds .

========================================================================
Received Import Request.
  Time since last request: 0.000475 seconds.
  path: Assets/Objects/Tree Type4 03.dae
  artifactKey: Guid(ad81548a9a3591d4bb0e61da32658e83) Importer(815301076,1909f56bfc062723c751e8b465ee728b)
Start importing Assets/Objects/Tree Type4 03.dae using Guid(ad81548a9a3591d4bb0e61da32658e83) Importer(815301076,1909f56bfc062723c751e8b465ee728b)  -> (artifact id: '9f20d740caa98b701a58d347c159c408') in 0.055140 seconds
  Import took 0.089481 seconds .

========================================================================
Received Import Request.
  Time since last request: 0.000327 seconds.
  path: Assets/Objects/Tree Type5 04.dae
  artifactKey: Guid(54c03adf24ee0b649a12be960715ae00) Importer(815301076,1909f56bfc062723c751e8b465ee728b)
Start importing Assets/Objects/Tree Type5 04.dae using Guid(54c03adf24ee0b649a12be960715ae00) Importer(815301076,1909f56bfc062723c751e8b465ee728b)  -> (artifact id: 'e6268d69a18504cb545993e529cffa95') in 0.032875 seconds
  Import took 0.035882 seconds .

========================================================================
Received Import Request.
  Time since last request: 0.000300 seconds.
  path: Assets/Objects/Tree Type5 03.dae
  artifactKey: Guid(9c6e9356b3f541f478cb582f922bb0b0) Importer(815301076,1909f56bfc062723c751e8b465ee728b)
Start importing Assets/Objects/Tree Type5 03.dae using Guid(9c6e9356b3f541f478cb582f922bb0b0) Importer(815301076,1909f56bfc062723c751e8b465ee728b)  -> (artifact id: '18dcf388996dc4c997d17d4a3311a4e3') in 0.034832 seconds
  Import took 0.066309 seconds .

========================================================================
Received Import Request.
  Time since last request: 0.000312 seconds.
  path: Assets/Objects/Tree Type7 02.dae
  artifactKey: Guid(4c2894642e6e26e4fa5fcf6077ff58a8) Importer(815301076,1909f56bfc062723c751e8b465ee728b)
Start importing Assets/Objects/Tree Type7 02.dae using Guid(4c2894642e6e26e4fa5fcf6077ff58a8) Importer(815301076,1909f56bfc062723c751e8b465ee728b)  -> (artifact id: 'aef0cedfd9ec00945e27b8481c254dc9') in 0.056269 seconds
  Import took 0.072285 seconds .

========================================================================
Received Import Request.
  Time since last request: 0.000399 seconds.
  path: Assets/Objects/Tree Type7 01.dae
  artifactKey: Guid(2058af7119ee52e40b3c5c94830d869b) Importer(815301076,1909f56bfc062723c751e8b465ee728b)
Start importing Assets/Objects/Tree Type7 01.dae using Guid(2058af7119ee52e40b3c5c94830d869b) Importer(815301076,1909f56bfc062723c751e8b465ee728b)  -> (artifact id: '804c6c48fb5184fdeb7a97f5e2b9d400') in 0.066999 seconds
  Import took 0.072997 seconds .

========================================================================
Received Import Request.
  Time since last request: 0.000378 seconds.
  path: Assets/Objects/Tree Type2 02.dae
  artifactKey: Guid(87a82627e1062ff4e87fcba373ee09d1) Importer(815301076,1909f56bfc062723c751e8b465ee728b)
Start importing Assets/Objects/Tree Type2 02.dae using Guid(87a82627e1062ff4e87fcba373ee09d1) Importer(815301076,1909f56bfc062723c751e8b465ee728b)  -> (artifact id: '221dd8c71f27a8e61f5618d34233e708') in 0.038238 seconds
  Import took 0.042122 seconds .

========================================================================
Received Import Request.
  Time since last request: 0.000320 seconds.
  path: Assets/Objects/Tree Type3 04.dae
  artifactKey: Guid(b2531e3d66c01e043b89319db9203e12) Importer(815301076,1909f56bfc062723c751e8b465ee728b)
Start importing Assets/Objects/Tree Type3 04.dae using Guid(b2531e3d66c01e043b89319db9203e12) Importer(815301076,1909f56bfc062723c751e8b465ee728b)  -> (artifact id: '0f12cd227bed6e4fdfe1c14f2630bca4') in 0.035283 seconds
  Import took 0.038262 seconds .

========================================================================
Received Import Request.
  Time since last request: 0.000318 seconds.
  path: Assets/Objects/Tree Type2 03.dae
  artifactKey: Guid(d99cad6e18b523149bfa195c7ebc66a0) Importer(815301076,1909f56bfc062723c751e8b465ee728b)
Start importing Assets/Objects/Tree Type2 03.dae using Guid(d99cad6e18b523149bfa195c7ebc66a0) Importer(815301076,1909f56bfc062723c751e8b465ee728b)  -> (artifact id: '0d9acf762e6d681c121c4262f13e049b') in 0.062062 seconds
  Import took 0.065677 seconds .

========================================================================
Received Import Request.
  Time since last request: 0.000335 seconds.
  path: Assets/Objects/Tree Type2 04.dae
  artifactKey: Guid(49a234319ebfa5a4bb5e6b9fb1b98e79) Importer(815301076,1909f56bfc062723c751e8b465ee728b)
Start importing Assets/Objects/Tree Type2 04.dae using Guid(49a234319ebfa5a4bb5e6b9fb1b98e79) Importer(815301076,1909f56bfc062723c751e8b465ee728b)  -> (artifact id: 'db32978462084c76a4f4290b0537aa6d') in 0.031348 seconds
  Import took 0.034511 seconds .

========================================================================
Received Import Request.
  Time since last request: 0.000287 seconds.
  path: Assets/Objects/Tree Type4 04.dae
  artifactKey: Guid(b11fd653b1c31a144b5dc7f844d7e803) Importer(815301076,1909f56bfc062723c751e8b465ee728b)
Start importing Assets/Objects/Tree Type4 04.dae using Guid(b11fd653b1c31a144b5dc7f844d7e803) Importer(815301076,1909f56bfc062723c751e8b465ee728b)  -> (artifact id: 'bc4f489b2d18c5b1bbc46f28b64bffa3') in 0.037101 seconds
  Import took 0.040384 seconds .

========================================================================
Received Import Request.
  Time since last request: 0.000332 seconds.
  path: Assets/Objects/Tree Type4 05.dae
  artifactKey: Guid(51cc1428adbc95a4fabe4eeb309fd705) Importer(815301076,1909f56bfc062723c751e8b465ee728b)
Start importing Assets/Objects/Tree Type4 05.dae using Guid(51cc1428adbc95a4fabe4eeb309fd705) Importer(815301076,1909f56bfc062723c751e8b465ee728b)  -> (artifact id: '1d686441873babf9a7ec3d77660ad987') in 0.117279 seconds
  Import took 0.121143 seconds .

========================================================================
Received Import Request.
  Time since last request: 0.000314 seconds.
  path: Assets/Objects/Tree Type1 01.dae
  artifactKey: Guid(30630a1dce5a3804ea989f6b549f5adf) Importer(815301076,1909f56bfc062723c751e8b465ee728b)
Start importing Assets/Objects/Tree Type1 01.dae using Guid(30630a1dce5a3804ea989f6b549f5adf) Importer(815301076,1909f56bfc062723c751e8b465ee728b)  -> (artifact id: '7762ff03b60dd7836e9dfa647ba73a26') in 0.247544 seconds
  Import took 0.250756 seconds .

========================================================================
Received Import Request.
  Time since last request: 0.000295 seconds.
  path: Assets/Objects/Tree Type0 04.dae
  artifactKey: Guid(c7772964872ac364ca48efc7f62fbaf9) Importer(815301076,1909f56bfc062723c751e8b465ee728b)
Start importing Assets/Objects/Tree Type0 04.dae using Guid(c7772964872ac364ca48efc7f62fbaf9) Importer(815301076,1909f56bfc062723c751e8b465ee728b)  -> (artifact id: 'b30c8d4fc3f75de24593c76caf6cea0e') in 0.102633 seconds
  Import took 0.106233 seconds .

========================================================================
Received Import Request.
  Time since last request: 0.000266 seconds.
  path: Assets/Objects/Tree Type3 03.dae
  artifactKey: Guid(d158e2d0a77809649b2337931b4a5e6e) Importer(815301076,1909f56bfc062723c751e8b465ee728b)
Start importing Assets/Objects/Tree Type3 03.dae using Guid(d158e2d0a77809649b2337931b4a5e6e) Importer(815301076,1909f56bfc062723c751e8b465ee728b)  -> (artifact id: '95037fc6aae4faeb451ff13e17654e64') in 0.034591 seconds
  Import took 0.037088 seconds .

========================================================================
Received Import Request.
  Time since last request: 0.000361 seconds.
  path: Assets/Objects/Tree Type3 02.dae
  artifactKey: Guid(fc3bbed4304de0a4796ae3a780a7e8b5) Importer(815301076,1909f56bfc062723c751e8b465ee728b)
Start importing Assets/Objects/Tree Type3 02.dae using Guid(fc3bbed4304de0a4796ae3a780a7e8b5) Importer(815301076,1909f56bfc062723c751e8b465ee728b)  -> (artifact id: '1ad6bd584e5c4527958fe4339eadfc1a') in 0.043088 seconds
  Import took 0.057797 seconds .

========================================================================
Received Import Request.
  Time since last request: 0.000428 seconds.
  path: Assets/Objects/Tree Type7 03.dae
  artifactKey: Guid(5e53fb2a2d88e9d4692750e024ebeb50) Importer(815301076,1909f56bfc062723c751e8b465ee728b)
Start importing Assets/Objects/Tree Type7 03.dae using Guid(5e53fb2a2d88e9d4692750e024ebeb50) Importer(815301076,1909f56bfc062723c751e8b465ee728b)  -> (artifact id: 'ed8d16acee1c7046a6f310af74949a36') in 0.364739 seconds
  Import took 0.378667 seconds .

========================================================================
Received Import Request.
  Time since last request: 0.000131 seconds.
  path: Assets/Objects/Tree Type5 01.dae
  artifactKey: Guid(62dd2510fc366b4438906dec5fdb6835) Importer(815301076,1909f56bfc062723c751e8b465ee728b)
Start importing Assets/Objects/Tree Type5 01.dae using Guid(62dd2510fc366b4438906dec5fdb6835) Importer(815301076,1909f56bfc062723c751e8b465ee728b)  -> (artifact id: '60da73a42b0cbd5232ad37db0bfda5a7') in 0.186374 seconds
  Import took 0.230537 seconds .

========================================================================
Received Import Request.
  Time since last request: 0.001130 seconds.
  path: Assets/Objects/Tree Type3 05.dae
  artifactKey: Guid(409212e2bd91caa40bc2fb2d8e526fdd) Importer(815301076,1909f56bfc062723c751e8b465ee728b)
Start importing Assets/Objects/Tree Type3 05.dae using Guid(409212e2bd91caa40bc2fb2d8e526fdd) Importer(815301076,1909f56bfc062723c751e8b465ee728b)  -> (artifact id: '9a108f0bc8e9de4cd0c8c7ab88464dc1') in 0.124086 seconds
  Import took 0.146226 seconds .

========================================================================
Received Import Request.
  Time since last request: 0.000775 seconds.
  path: Assets/Objects/Tree Type7 04.dae
  artifactKey: Guid(a06f85a84edefa749bbd3e248eac844a) Importer(815301076,1909f56bfc062723c751e8b465ee728b)
Start importing Assets/Objects/Tree Type7 04.dae using Guid(a06f85a84edefa749bbd3e248eac844a) Importer(815301076,1909f56bfc062723c751e8b465ee728b)  -> (artifact id: '91e171905e1999dacaa3acdbe37ddd92') in 0.044277 seconds
  Import took 0.047984 seconds .

========================================================================
Received Import Request.
  Time since last request: 0.000326 seconds.
  path: Assets/Objects/Tree Type0 03.dae
  artifactKey: Guid(4b092f86c14ad5143b6255cd229d23dd) Importer(815301076,1909f56bfc062723c751e8b465ee728b)
Start importing Assets/Objects/Tree Type0 03.dae using Guid(4b092f86c14ad5143b6255cd229d23dd) Importer(815301076,1909f56bfc062723c751e8b465ee728b)  -> (artifact id: '2a9d7ecf92b76afdbbf7e55015e932aa') in 0.088227 seconds
  Import took 0.098495 seconds .

========================================================================
Received Import Request.
  Time since last request: 0.000332 seconds.
  path: Assets/Objects/Tree Type1 05.dae
  artifactKey: Guid(314b43492e1069b4a8c51641c5f13c78) Importer(815301076,1909f56bfc062723c751e8b465ee728b)
Start importing Assets/Objects/Tree Type1 05.dae using Guid(314b43492e1069b4a8c51641c5f13c78) Importer(815301076,1909f56bfc062723c751e8b465ee728b)  -> (artifact id: '887baf695721123a5e4d3457bff2977d') in 0.040498 seconds
  Import took 0.044239 seconds .

========================================================================
Received Import Request.
  Time since last request: 0.000280 seconds.
  path: Assets/Objects/Tree Type1 02.dae
  artifactKey: Guid(861a978a053ebed438dd95394baee2e6) Importer(815301076,1909f56bfc062723c751e8b465ee728b)
Start importing Assets/Objects/Tree Type1 02.dae using Guid(861a978a053ebed438dd95394baee2e6) Importer(815301076,1909f56bfc062723c751e8b465ee728b)  -> (artifact id: 'a523faf4fb32cf97b0e98feab3452ff7') in 0.039973 seconds
  Import took 0.042782 seconds .

========================================================================
Received Import Request.
  Time since last request: 0.000380 seconds.
  path: Assets/Objects/Tree Type6 03.dae
  artifactKey: Guid(d06ead4384d6b3c4490c6628c17cac0d) Importer(815301076,1909f56bfc062723c751e8b465ee728b)
Start importing Assets/Objects/Tree Type6 03.dae using Guid(d06ead4384d6b3c4490c6628c17cac0d) Importer(815301076,1909f56bfc062723c751e8b465ee728b)  -> (artifact id: '3233d0736d6ac43a5b03cc3bf0d8f776') in 0.339130 seconds
  Import took 0.344499 seconds .

========================================================================
Received Import Request.
  Time since last request: 0.000370 seconds.
  path: Assets/Objects/Tree Type6 01.dae
  artifactKey: Guid(5cd6e08bfb2fc8e4b9f2eb2735d0350a) Importer(815301076,1909f56bfc062723c751e8b465ee728b)
Start importing Assets/Objects/Tree Type6 01.dae using Guid(5cd6e08bfb2fc8e4b9f2eb2735d0350a) Importer(815301076,1909f56bfc062723c751e8b465ee728b)  -> (artifact id: 'cf52f47a3575f3d8ae6486c0041768c5') in 0.051831 seconds
  Import took 0.057547 seconds .

========================================================================
Received Import Request.
  Time since last request: 0.000450 seconds.
  path: Assets/Objects/Tree Type3 01.dae
  artifactKey: Guid(f96e7f746f392ab498647afd678512b5) Importer(815301076,1909f56bfc062723c751e8b465ee728b)
Start importing Assets/Objects/Tree Type3 01.dae using Guid(f96e7f746f392ab498647afd678512b5) Importer(815301076,1909f56bfc062723c751e8b465ee728b)  -> (artifact id: '9aae354acd2b6398697368910a00fd12') in 0.080694 seconds
  Import took 0.090705 seconds .

========================================================================
Received Import Request.
  Time since last request: 0.000097 seconds.
  path: Assets/Objects/Tree Type4 02.dae
  artifactKey: Guid(175beb7159b4676478a0fa9c97e52fc1) Importer(815301076,1909f56bfc062723c751e8b465ee728b)
Start importing Assets/Objects/Tree Type4 02.dae using Guid(175beb7159b4676478a0fa9c97e52fc1) Importer(815301076,1909f56bfc062723c751e8b465ee728b)  -> (artifact id: 'fefc65c9e30c50130df1be6678478c1b') in 0.109554 seconds
  Import took 0.120286 seconds .

========================================================================
Received Import Request.
  Time since last request: 42336.285143 seconds.
  path: Assets/Scenes/TerrainData_595b5164-c5f6-4b0b-a3a3-dd46ecacf9b3.asset
  artifactKey: Guid(a2497f908c97ee8428b7bb58e728b996) Importer(815301076,1909f56bfc062723c751e8b465ee728b)
Start importing Assets/Scenes/TerrainData_595b5164-c5f6-4b0b-a3a3-dd46ecacf9b3.asset using Guid(a2497f908c97ee8428b7bb58e728b996) Importer(815301076,1909f56bfc062723c751e8b465ee728b)  -> (artifact id: '0e89f827d110c18d5177845d61e911c7') in 4.695786 seconds
  Import took 5.071751 seconds .

========================================================================
Received Import Request.
  Time since last request: 21228.331255 seconds.
  path: Assets/Objects/car.blend
  artifactKey: Guid(281b4dffb8a3a2742be7b9b0c8714b0b) Importer(815301076,1909f56bfc062723c751e8b465ee728b)
Start importing Assets/Objects/car.blend using Guid(281b4dffb8a3a2742be7b9b0c8714b0b) Importer(815301076,1909f56bfc062723c751e8b465ee728b)  -> (artifact id: 'be2019b7a454088343483317a671126d') in 7.430061 seconds
  Import took 7.850938 seconds .

========================================================================
Received Import Request.
  Time since last request: 194.666006 seconds.
  path: Assets/Materials/CarColor.mat
  artifactKey: Guid(5fee8b987e9a80d469be0bf176f004fe) Importer(815301076,1909f56bfc062723c751e8b465ee728b)
Start importing Assets/Materials/CarColor.mat using Guid(5fee8b987e9a80d469be0bf176f004fe) Importer(815301076,1909f56bfc062723c751e8b465ee728b)  -> (artifact id: 'a2b41936674ca0a7e2f0d9ef267226c7') in 0.354676 seconds
  Import took 0.406376 seconds .

========================================================================
Received Import Request.
  Time since last request: 1534.636042 seconds.
  path: Assets/Materials/CarColor.mat
  artifactKey: Guid(5fee8b987e9a80d469be0bf176f004fe) Importer(815301076,1909f56bfc062723c751e8b465ee728b)
Start importing Assets/Materials/CarColor.mat using Guid(5fee8b987e9a80d469be0bf176f004fe) Importer(815301076,1909f56bfc062723c751e8b465ee728b)  -> (artifact id: '94342bb56a4a6475a979f592e66826e2') in 0.100652 seconds
  Import took 0.117065 seconds .

========================================================================
Received Prepare
Registering precompiled user dll's ...
Registered in 0.001753 seconds.
Begin MonoManager ReloadAssembly
Native extension for WindowsStandalone target not found
Native extension for WebGL target not found
Refreshing native plugins compatible for Editor in 0.48 ms, found 0 plugins.
Preloading 0 native plugins for Editor in 0.00 ms.
Mono: successfully reloaded assembly
- Completed reload, in  5.355 seconds
Platform modules already initialized, skipping
Refreshing native plugins compatible for Editor in 0.56 ms, found 0 plugins.
Preloading 0 native plugins for Editor in 0.00 ms.
Unloading 1109 Unused Serialized files (Serialized files now loaded: 0)
System memory in use before: 73.1 MB.
System memory in use after: 73.2 MB.

Unloading 4 unused Assets to reduce memory usage. Loaded Objects now: 1625.
Total: 2.593900 ms (FindLiveObjects: 0.215100 ms CreateObjectMapping: 0.057800 ms MarkObjects: 2.225400 ms  DeleteObjects: 0.093500 ms)

========================================================================
Received Prepare
Registering precompiled user dll's ...
Registered in 0.001192 seconds.
Begin MonoManager ReloadAssembly
Native extension for WindowsStandalone target not found
Native extension for WebGL target not found
Refreshing native plugins compatible for Editor in 0.26 ms, found 0 plugins.
Preloading 0 native plugins for Editor in 0.00 ms.
Mono: successfully reloaded assembly
- Completed reload, in  1.866 seconds
Platform modules already initialized, skipping
Refreshing native plugins compatible for Editor in 1.31 ms, found 0 plugins.
Preloading 0 native plugins for Editor in 0.00 ms.
Unloading 1109 Unused Serialized files (Serialized files now loaded: 0)
System memory in use before: 73.1 MB.
System memory in use after: 73.2 MB.

Unloading 4 unused Assets to reduce memory usage. Loaded Objects now: 1628.
Total: 2.252000 ms (FindLiveObjects: 0.171200 ms CreateObjectMapping: 0.049700 ms MarkObjects: 2.011100 ms  DeleteObjects: 0.018500 ms)

========================================================================
Received Prepare
Registering precompiled user dll's ...
Registered in 0.001021 seconds.
Begin MonoManager ReloadAssembly
Native extension for WindowsStandalone target not found
Native extension for WebGL target not found
Refreshing native plugins compatible for Editor in 0.28 ms, found 0 plugins.
Preloading 0 native plugins for Editor in 0.00 ms.
Mono: successfully reloaded assembly
- Completed reload, in  1.861 seconds
Platform modules already initialized, skipping
Refreshing native plugins compatible for Editor in 0.41 ms, found 0 plugins.
Preloading 0 native plugins for Editor in 0.00 ms.
Unloading 1109 Unused Serialized files (Serialized files now loaded: 0)
System memory in use before: 73.1 MB.
System memory in use after: 73.2 MB.

Unloading 4 unused Assets to reduce memory usage. Loaded Objects now: 1631.
Total: 2.074500 ms (FindLiveObjects: 0.172600 ms CreateObjectMapping: 0.047000 ms MarkObjects: 1.833400 ms  DeleteObjects: 0.019900 ms)

========================================================================
Received Prepare
Registering precompiled user dll's ...
Registered in 0.001133 seconds.
Begin MonoManager ReloadAssembly
Native extension for WindowsStandalone target not found
Native extension for WebGL target not found
Refreshing native plugins compatible for Editor in 0.37 ms, found 0 plugins.
Preloading 0 native plugins for Editor in 0.00 ms.
Mono: successfully reloaded assembly
- Completed reload, in  1.476 seconds
Platform modules already initialized, skipping
Refreshing native plugins compatible for Editor in 0.40 ms, found 0 plugins.
Preloading 0 native plugins for Editor in 0.00 ms.
Unloading 1109 Unused Serialized files (Serialized files now loaded: 0)
System memory in use before: 73.1 MB.
System memory in use after: 73.2 MB.

Unloading 4 unused Assets to reduce memory usage. Loaded Objects now: 1634.
Total: 2.131700 ms (FindLiveObjects: 0.184500 ms CreateObjectMapping: 0.052500 ms MarkObjects: 1.873900 ms  DeleteObjects: 0.019700 ms)

========================================================================
Received Prepare
Registering precompiled user dll's ...
Registered in 0.003350 seconds.
Begin MonoManager ReloadAssembly
Native extension for WindowsStandalone target not found
Native extension for WebGL target not found
Refreshing native plugins compatible for Editor in 0.58 ms, found 0 plugins.
Preloading 0 native plugins for Editor in 0.00 ms.
Mono: successfully reloaded assembly
- Completed reload, in  4.903 seconds
Platform modules already initialized, skipping
Refreshing native plugins compatible for Editor in 1.67 ms, found 0 plugins.
Preloading 0 native plugins for Editor in 0.00 ms.
Unloading 1109 Unused Serialized files (Serialized files now loaded: 0)
System memory in use before: 73.1 MB.
System memory in use after: 73.2 MB.

Unloading 4 unused Assets to reduce memory usage. Loaded Objects now: 1637.
Total: 6.580100 ms (FindLiveObjects: 1.957800 ms CreateObjectMapping: 1.773300 ms MarkObjects: 2.808000 ms  DeleteObjects: 0.037100 ms)

========================================================================
Received Prepare
Registering precompiled user dll's ...
Registered in 0.161808 seconds.
Begin MonoManager ReloadAssembly
Native extension for WindowsStandalone target not found
Native extension for WebGL target not found
Refreshing native plugins compatible for Editor in 0.26 ms, found 0 plugins.
Preloading 0 native plugins for Editor in 0.00 ms.
Mono: successfully reloaded assembly
- Completed reload, in  8.157 seconds
Platform modules already initialized, skipping
Refreshing native plugins compatible for Editor in 0.45 ms, found 0 plugins.
Preloading 0 native plugins for Editor in 0.00 ms.
Unloading 1109 Unused Serialized files (Serialized files now loaded: 0)
System memory in use before: 73.1 MB.
System memory in use after: 73.2 MB.

Unloading 4 unused Assets to reduce memory usage. Loaded Objects now: 1640.
Total: 2.243600 ms (FindLiveObjects: 0.184900 ms CreateObjectMapping: 0.050300 ms MarkObjects: 1.984500 ms  DeleteObjects: 0.020400 ms)

========================================================================
Received Prepare
Registering precompiled user dll's ...
Registered in 0.001059 seconds.
Begin MonoManager ReloadAssembly
Native extension for WindowsStandalone target not found
Native extension for WebGL target not found
Refreshing native plugins compatible for Editor in 0.58 ms, found 0 plugins.
Preloading 0 native plugins for Editor in 0.00 ms.
Mono: successfully reloaded assembly
- Completed reload, in  4.223 seconds
Platform modules already initialized, skipping
Refreshing native plugins compatible for Editor in 0.69 ms, found 0 plugins.
Preloading 0 native plugins for Editor in 0.00 ms.
Unloading 1109 Unused Serialized files (Serialized files now loaded: 0)
System memory in use before: 73.1 MB.
System memory in use after: 73.2 MB.

Unloading 4 unused Assets to reduce memory usage. Loaded Objects now: 1643.
Total: 6.997800 ms (FindLiveObjects: 1.180000 ms CreateObjectMapping: 0.481100 ms MarkObjects: 5.290700 ms  DeleteObjects: 0.042400 ms)

========================================================================
Received Import Request.
  Time since last request: 2850.127416 seconds.
  path: Assets/Scripts
  artifactKey: Guid(66ca553660784a54e94b8a498a49a619) Importer(815301076,1909f56bfc062723c751e8b465ee728b)
Start importing Assets/Scripts using Guid(66ca553660784a54e94b8a498a49a619) Importer(815301076,1909f56bfc062723c751e8b465ee728b)  -> (artifact id: '1ce511f7507cd3c9fc8035b4fdb03aaa') in 0.132751 seconds
  Import took 0.137019 seconds .

========================================================================
Received Prepare
Registering precompiled user dll's ...
Registered in 0.001396 seconds.
Begin MonoManager ReloadAssembly
Native extension for WindowsStandalone target not found
Native extension for WebGL target not found
Refreshing native plugins compatible for Editor in 0.57 ms, found 0 plugins.
Preloading 0 native plugins for Editor in 0.00 ms.
Mono: successfully reloaded assembly
- Completed reload, in  2.111 seconds
Platform modules already initialized, skipping
Refreshing native plugins compatible for Editor in 0.28 ms, found 0 plugins.
Preloading 0 native plugins for Editor in 0.00 ms.
Unloading 1110 Unused Serialized files (Serialized files now loaded: 0)
System memory in use before: 73.2 MB.
System memory in use after: 73.3 MB.

Unloading 4 unused Assets to reduce memory usage. Loaded Objects now: 1647.
Total: 5.213600 ms (FindLiveObjects: 0.170900 ms CreateObjectMapping: 0.072800 ms MarkObjects: 4.944400 ms  DeleteObjects: 0.024200 ms)

========================================================================
Received Prepare
Registering precompiled user dll's ...
Registered in 0.002183 seconds.
Begin MonoManager ReloadAssembly
Native extension for WindowsStandalone target not found
Native extension for WebGL target not found
Refreshing native plugins compatible for Editor in 0.27 ms, found 0 plugins.
Preloading 0 native plugins for Editor in 0.00 ms.
Mono: successfully reloaded assembly
- Completed reload, in  1.505 seconds
Platform modules already initialized, skipping
Refreshing native plugins compatible for Editor in 1.42 ms, found 0 plugins.
Preloading 0 native plugins for Editor in 0.00 ms.
Unloading 1110 Unused Serialized files (Serialized files now loaded: 0)
System memory in use before: 73.2 MB.
System memory in use after: 73.3 MB.

Unloading 4 unused Assets to reduce memory usage. Loaded Objects now: 1650.
Total: 4.646200 ms (FindLiveObjects: 0.405500 ms CreateObjectMapping: 0.140800 ms MarkObjects: 4.069700 ms  DeleteObjects: 0.028500 ms)

========================================================================
Received Import Request.
  Time since last request: 91.582008 seconds.
  path: Assets/Scripts/PlayerControler.cs
  artifactKey: Guid(7df15d5cf30b64d46ae9f842f714a09f) Importer(815301076,1909f56bfc062723c751e8b465ee728b)
Start importing Assets/Scripts/PlayerControler.cs using Guid(7df15d5cf30b64d46ae9f842f714a09f) Importer(815301076,1909f56bfc062723c751e8b465ee728b)  -> (artifact id: 'c4235e4a0d8f00541beea06ba013c58d') in 0.040753 seconds
  Import took 0.095948 seconds .

========================================================================
Received Prepare
Registering precompiled user dll's ...
Registered in 0.000964 seconds.
Begin MonoManager ReloadAssembly
Native extension for WindowsStandalone target not found
Native extension for WebGL target not found
Refreshing native plugins compatible for Editor in 0.47 ms, found 0 plugins.
Preloading 0 native plugins for Editor in 0.00 ms.
Mono: successfully reloaded assembly
- Completed reload, in  1.376 seconds
Platform modules already initialized, skipping
Refreshing native plugins compatible for Editor in 0.89 ms, found 0 plugins.
Preloading 0 native plugins for Editor in 0.00 ms.
Unloading 1110 Unused Serialized files (Serialized files now loaded: 0)
System memory in use before: 73.2 MB.
System memory in use after: 73.3 MB.

Unloading 4 unused Assets to reduce memory usage. Loaded Objects now: 1653.
Total: 2.056000 ms (FindLiveObjects: 0.228400 ms CreateObjectMapping: 0.053100 ms MarkObjects: 1.751900 ms  DeleteObjects: 0.020300 ms)

========================================================================
Received Prepare
Registering precompiled user dll's ...
Registered in 0.001081 seconds.
Begin MonoManager ReloadAssembly
Native extension for WindowsStandalone target not found
Native extension for WebGL target not found
Refreshing native plugins compatible for Editor in 6.22 ms, found 0 plugins.
Preloading 0 native plugins for Editor in 0.00 ms.
Mono: successfully reloaded assembly
- Completed reload, in  1.865 seconds
Platform modules already initialized, skipping
Refreshing native plugins compatible for Editor in 0.44 ms, found 0 plugins.
Preloading 0 native plugins for Editor in 0.00 ms.
Unloading 1110 Unused Serialized files (Serialized files now loaded: 0)
System memory in use before: 73.2 MB.
System memory in use after: 73.3 MB.

Unloading 4 unused Assets to reduce memory usage. Loaded Objects now: 1656.
Total: 4.350900 ms (FindLiveObjects: 0.189700 ms CreateObjectMapping: 0.054400 ms MarkObjects: 4.083000 ms  DeleteObjects: 0.021900 ms)

========================================================================
Received Prepare
Registering precompiled user dll's ...
Registered in 0.001356 seconds.
Begin MonoManager ReloadAssembly
Native extension for WindowsStandalone target not found
Native extension for WebGL target not found
Refreshing native plugins compatible for Editor in 0.26 ms, found 0 plugins.
Preloading 0 native plugins for Editor in 0.00 ms.
Mono: successfully reloaded assembly
- Completed reload, in  1.665 seconds
Platform modules already initialized, skipping
Refreshing native plugins compatible for Editor in 0.42 ms, found 0 plugins.
Preloading 0 native plugins for Editor in 0.00 ms.
Unloading 1110 Unused Serialized files (Serialized files now loaded: 0)
System memory in use before: 73.2 MB.
System memory in use after: 73.3 MB.

Unloading 4 unused Assets to reduce memory usage. Loaded Objects now: 1659.
Total: 4.681000 ms (FindLiveObjects: 0.634400 ms CreateObjectMapping: 0.176900 ms MarkObjects: 3.843800 ms  DeleteObjects: 0.023800 ms)

========================================================================
Received Prepare
Registering precompiled user dll's ...
Registered in 0.001621 seconds.
Begin MonoManager ReloadAssembly
Native extension for WindowsStandalone target not found
Native extension for WebGL target not found
Refreshing native plugins compatible for Editor in 0.25 ms, found 0 plugins.
Preloading 0 native plugins for Editor in 0.00 ms.
Mono: successfully reloaded assembly
- Completed reload, in  1.283 seconds
Platform modules already initialized, skipping
Refreshing native plugins compatible for Editor in 0.42 ms, found 0 plugins.
Preloading 0 native plugins for Editor in 0.00 ms.
Unloading 1110 Unused Serialized files (Serialized files now loaded: 0)
System memory in use before: 73.2 MB.
System memory in use after: 73.3 MB.

Unloading 4 unused Assets to reduce memory usage. Loaded Objects now: 1662.
Total: 2.984600 ms (FindLiveObjects: 0.582300 ms CreateObjectMapping: 0.114700 ms MarkObjects: 2.266700 ms  DeleteObjects: 0.019100 ms)

========================================================================
Received Import Request.
  Time since last request: 1006.675175 seconds.
  path: Assets/Scenes/TerrainData_595b5164-c5f6-4b0b-a3a3-dd46ecacf9b3.asset
  artifactKey: Guid(a2497f908c97ee8428b7bb58e728b996) Importer(815301076,1909f56bfc062723c751e8b465ee728b)
Start importing Assets/Scenes/TerrainData_595b5164-c5f6-4b0b-a3a3-dd46ecacf9b3.asset using Guid(a2497f908c97ee8428b7bb58e728b996) Importer(815301076,1909f56bfc062723c751e8b465ee728b)  -> (artifact id: '2bcc92b4dedc23d407707dc00bd23c19') in 0.394701 seconds
  Import took 0.408523 seconds .

========================================================================
Received Prepare
Registering precompiled user dll's ...
Registered in 0.001476 seconds.
Begin MonoManager ReloadAssembly
Native extension for WindowsStandalone target not found
Native extension for WebGL target not found
Refreshing native plugins compatible for Editor in 0.31 ms, found 0 plugins.
Preloading 0 native plugins for Editor in 0.00 ms.
Mono: successfully reloaded assembly
- Completed reload, in  1.671 seconds
Platform modules already initialized, skipping
Refreshing native plugins compatible for Editor in 0.40 ms, found 0 plugins.
Preloading 0 native plugins for Editor in 0.00 ms.
Unloading 1109 Unused Serialized files (Serialized files now loaded: 0)
System memory in use before: 73.2 MB.
System memory in use after: 73.3 MB.

Unloading 5 unused Assets to reduce memory usage. Loaded Objects now: 1664.
Total: 2.380100 ms (FindLiveObjects: 0.184700 ms CreateObjectMapping: 0.048300 ms MarkObjects: 2.121000 ms  DeleteObjects: 0.024600 ms)

========================================================================
Received Import Request.
  Time since last request: 145.152880 seconds.
  path: Assets/Scripts/PlayerControler.cs
  artifactKey: Guid(7df15d5cf30b64d46ae9f842f714a09f) Importer(815301076,1909f56bfc062723c751e8b465ee728b)
Start importing Assets/Scripts/PlayerControler.cs using Guid(7df15d5cf30b64d46ae9f842f714a09f) Importer(815301076,1909f56bfc062723c751e8b465ee728b)  -> (artifact id: '36ed550b85118286a3987dff0fc26a31') in 0.012150 seconds
  Import took 0.029820 seconds .

========================================================================
Received Prepare
Registering precompiled user dll's ...
Registered in 0.003168 seconds.
Begin MonoManager ReloadAssembly
Native extension for WindowsStandalone target not found
Native extension for WebGL target not found
Refreshing native plugins compatible for Editor in 0.25 ms, found 0 plugins.
Preloading 0 native plugins for Editor in 0.00 ms.
Mono: successfully reloaded assembly
- Completed reload, in  1.789 seconds
Platform modules already initialized, skipping
Refreshing native plugins compatible for Editor in 0.42 ms, found 0 plugins.
Preloading 0 native plugins for Editor in 0.00 ms.
Unloading 1110 Unused Serialized files (Serialized files now loaded: 0)
System memory in use before: 73.3 MB.
System memory in use after: 73.4 MB.

Unloading 4 unused Assets to reduce memory usage. Loaded Objects now: 1668.
Total: 2.341300 ms (FindLiveObjects: 0.176400 ms CreateObjectMapping: 0.050100 ms MarkObjects: 2.094300 ms  DeleteObjects: 0.018900 ms)

========================================================================
Received Prepare
Registering precompiled user dll's ...
Registered in 0.001223 seconds.
Begin MonoManager ReloadAssembly
Native extension for WindowsStandalone target not found
Native extension for WebGL target not found
Refreshing native plugins compatible for Editor in 0.26 ms, found 0 plugins.
Preloading 0 native plugins for Editor in 0.00 ms.
Mono: successfully reloaded assembly
- Completed reload, in  1.475 seconds
Platform modules already initialized, skipping
Refreshing native plugins compatible for Editor in 1.35 ms, found 0 plugins.
Preloading 0 native plugins for Editor in 0.00 ms.
Unloading 1110 Unused Serialized files (Serialized files now loaded: 0)
System memory in use before: 73.3 MB.
System memory in use after: 73.4 MB.

Unloading 4 unused Assets to reduce memory usage. Loaded Objects now: 1671.
Total: 2.093600 ms (FindLiveObjects: 0.183000 ms CreateObjectMapping: 0.050900 ms MarkObjects: 1.838600 ms  DeleteObjects: 0.019600 ms)

========================================================================
Received Prepare
Registering precompiled user dll's ...
Registered in 0.002063 seconds.
Begin MonoManager ReloadAssembly
Native extension for WindowsStandalone target not found
Native extension for WebGL target not found
Refreshing native plugins compatible for Editor in 0.34 ms, found 0 plugins.
Preloading 0 native plugins for Editor in 0.00 ms.
Mono: successfully reloaded assembly
- Completed reload, in  2.022 seconds
Platform modules already initialized, skipping
Refreshing native plugins compatible for Editor in 0.27 ms, found 0 plugins.
Preloading 0 native plugins for Editor in 0.00 ms.
Unloading 1110 Unused Serialized files (Serialized files now loaded: 0)
System memory in use before: 73.3 MB.
System memory in use after: 73.4 MB.

Unloading 4 unused Assets to reduce memory usage. Loaded Objects now: 1674.
Total: 3.066900 ms (FindLiveObjects: 0.438000 ms CreateObjectMapping: 0.077300 ms MarkObjects: 2.521200 ms  DeleteObjects: 0.027900 ms)

========================================================================
Received Import Request.
  Time since last request: 701.903788 seconds.
  path: Assets/Scripts/PlayerControler.cs
  artifactKey: Guid(7df15d5cf30b64d46ae9f842f714a09f) Importer(815301076,1909f56bfc062723c751e8b465ee728b)
Start importing Assets/Scripts/PlayerControler.cs using Guid(7df15d5cf30b64d46ae9f842f714a09f) Importer(815301076,1909f56bfc062723c751e8b465ee728b)  -> (artifact id: 'f4afaf36bdc1b6edc4c58a7cbb5ff302') in 0.025666 seconds
  Import took 0.104363 seconds .

========================================================================
Received Import Request.
  Time since last request: 207.797426 seconds.
  path: Assets/Scripts/PlayerControler.cs
  artifactKey: Guid(7df15d5cf30b64d46ae9f842f714a09f) Importer(815301076,1909f56bfc062723c751e8b465ee728b)
Start importing Assets/Scripts/PlayerControler.cs using Guid(7df15d5cf30b64d46ae9f842f714a09f) Importer(815301076,1909f56bfc062723c751e8b465ee728b)  -> (artifact id: '225d680aaab9276764da9603919db7a6') in 0.013052 seconds
  Import took 0.244737 seconds .

========================================================================
Received Prepare
Registering precompiled user dll's ...
Registered in 0.001022 seconds.
Begin MonoManager ReloadAssembly
Native extension for WindowsStandalone target not found
Native extension for WebGL target not found
Refreshing native plugins compatible for Editor in 0.49 ms, found 0 plugins.
Preloading 0 native plugins for Editor in 0.00 ms.
Mono: successfully reloaded assembly
- Completed reload, in  4.359 seconds
Platform modules already initialized, skipping
Refreshing native plugins compatible for Editor in 0.92 ms, found 0 plugins.
Preloading 0 native plugins for Editor in 0.00 ms.
Unloading 1110 Unused Serialized files (Serialized files now loaded: 0)
System memory in use before: 73.3 MB.
System memory in use after: 73.4 MB.

Unloading 4 unused Assets to reduce memory usage. Loaded Objects now: 1677.
Total: 12.483300 ms (FindLiveObjects: 1.379300 ms CreateObjectMapping: 0.796400 ms MarkObjects: 10.220600 ms  DeleteObjects: 0.082100 ms)

========================================================================
Received Import Request.
  Time since last request: 143.371916 seconds.
  path: Assets/Scripts/PlayerControler.cs
  artifactKey: Guid(7df15d5cf30b64d46ae9f842f714a09f) Importer(815301076,1909f56bfc062723c751e8b465ee728b)
Start importing Assets/Scripts/PlayerControler.cs using Guid(7df15d5cf30b64d46ae9f842f714a09f) Importer(815301076,1909f56bfc062723c751e8b465ee728b)  -> (artifact id: 'ac2341e43246482a869f0a0a9dbd5942') in 0.052383 seconds
  Import took 0.066112 seconds .

========================================================================
Received Prepare
Registering precompiled user dll's ...
Registered in 0.001097 seconds.
Begin MonoManager ReloadAssembly
Native extension for WindowsStandalone target not found
Native extension for WebGL target not found
Refreshing native plugins compatible for Editor in 0.25 ms, found 0 plugins.
Preloading 0 native plugins for Editor in 0.00 ms.
Mono: successfully reloaded assembly
- Completed reload, in  1.504 seconds
Platform modules already initialized, skipping
Refreshing native plugins compatible for Editor in 0.41 ms, found 0 plugins.
Preloading 0 native plugins for Editor in 0.00 ms.
Unloading 1110 Unused Serialized files (Serialized files now loaded: 0)
System memory in use before: 73.3 MB.
System memory in use after: 73.4 MB.

Unloading 4 unused Assets to reduce memory usage. Loaded Objects now: 1680.
Total: 3.509300 ms (FindLiveObjects: 0.616600 ms CreateObjectMapping: 0.190100 ms MarkObjects: 2.682000 ms  DeleteObjects: 0.019200 ms)

========================================================================
Received Prepare
Registering precompiled user dll's ...
Registered in 0.001462 seconds.
Begin MonoManager ReloadAssembly
Native extension for WindowsStandalone target not found
Native extension for WebGL target not found
Refreshing native plugins compatible for Editor in 0.27 ms, found 0 plugins.
Preloading 0 native plugins for Editor in 0.00 ms.
Mono: successfully reloaded assembly
- Completed reload, in  1.573 seconds
Platform modules already initialized, skipping
Refreshing native plugins compatible for Editor in 0.40 ms, found 0 plugins.
Preloading 0 native plugins for Editor in 0.00 ms.
Unloading 1110 Unused Serialized files (Serialized files now loaded: 0)
System memory in use before: 73.3 MB.
System memory in use after: 73.4 MB.

Unloading 4 unused Assets to reduce memory usage. Loaded Objects now: 1683.
Total: 3.148100 ms (FindLiveObjects: 0.177700 ms CreateObjectMapping: 0.049100 ms MarkObjects: 2.898500 ms  DeleteObjects: 0.021300 ms)

========================================================================
Received Prepare
Registering precompiled user dll's ...
Registered in 0.002561 seconds.
Begin MonoManager ReloadAssembly
Native extension for WindowsStandalone target not found
Native extension for WebGL target not found
Refreshing native plugins compatible for Editor in 1.43 ms, found 0 plugins.
Preloading 0 native plugins for Editor in 0.00 ms.
Mono: successfully reloaded assembly
- Completed reload, in  3.815 seconds
Platform modules already initialized, skipping
Refreshing native plugins compatible for Editor in 1.06 ms, found 0 plugins.
Preloading 0 native plugins for Editor in 0.00 ms.
Unloading 1110 Unused Serialized files (Serialized files now loaded: 0)
System memory in use before: 73.3 MB.
System memory in use after: 73.4 MB.

Unloading 4 unused Assets to reduce memory usage. Loaded Objects now: 1686.
Total: 8.871200 ms (FindLiveObjects: 2.004000 ms CreateObjectMapping: 0.264900 ms MarkObjects: 6.466300 ms  DeleteObjects: 0.130500 ms)

========================================================================
Received Prepare
Registering precompiled user dll's ...
Registered in 0.001646 seconds.
Begin MonoManager ReloadAssembly
Native extension for WindowsStandalone target not found
Native extension for WebGL target not found
Refreshing native plugins compatible for Editor in 0.25 ms, found 0 plugins.
Preloading 0 native plugins for Editor in 0.00 ms.
Mono: successfully reloaded assembly
- Completed reload, in  1.279 seconds
Platform modules already initialized, skipping
Refreshing native plugins compatible for Editor in 0.44 ms, found 0 plugins.
Preloading 0 native plugins for Editor in 0.00 ms.
Unloading 1110 Unused Serialized files (Serialized files now loaded: 0)
System memory in use before: 73.3 MB.
System memory in use after: 73.4 MB.

Unloading 4 unused Assets to reduce memory usage. Loaded Objects now: 1689.
Total: 2.174300 ms (FindLiveObjects: 0.181700 ms CreateObjectMapping: 0.049900 ms MarkObjects: 1.921000 ms  DeleteObjects: 0.020200 ms)

========================================================================
Received Prepare
Registering precompiled user dll's ...
Registered in 0.001916 seconds.
Begin MonoManager ReloadAssembly
Native extension for WindowsStandalone target not found
Native extension for WebGL target not found
Refreshing native plugins compatible for Editor in 0.49 ms, found 0 plugins.
Preloading 0 native plugins for Editor in 0.00 ms.
Mono: successfully reloaded assembly
- Completed reload, in  1.775 seconds
Platform modules already initialized, skipping
Refreshing native plugins compatible for Editor in 0.30 ms, found 0 plugins.
Preloading 0 native plugins for Editor in 0.00 ms.
Unloading 1110 Unused Serialized files (Serialized files now loaded: 0)
System memory in use before: 73.3 MB.
System memory in use after: 73.4 MB.

Unloading 4 unused Assets to reduce memory usage. Loaded Objects now: 1692.
Total: 2.672700 ms (FindLiveObjects: 0.188000 ms CreateObjectMapping: 0.049600 ms MarkObjects: 2.413300 ms  DeleteObjects: 0.020700 ms)

========================================================================
Received Prepare
Registering precompiled user dll's ...
Registered in 0.002550 seconds.
Begin MonoManager ReloadAssembly
Native extension for WindowsStandalone target not found
Native extension for WebGL target not found
Refreshing native plugins compatible for Editor in 0.60 ms, found 0 plugins.
Preloading 0 native plugins for Editor in 0.00 ms.
Mono: successfully reloaded assembly
- Completed reload, in 10.623 seconds
Platform modules already initialized, skipping
Refreshing native plugins compatible for Editor in 0.59 ms, found 0 plugins.
Preloading 0 native plugins for Editor in 0.00 ms.
Unloading 1110 Unused Serialized files (Serialized files now loaded: 0)
System memory in use before: 73.3 MB.
System memory in use after: 73.4 MB.

Unloading 4 unused Assets to reduce memory usage. Loaded Objects now: 1695.
Total: 36.165300 ms (FindLiveObjects: 0.290800 ms CreateObjectMapping: 0.098100 ms MarkObjects: 35.716100 ms  DeleteObjects: 0.057500 ms)

========================================================================
Received Prepare
Registering precompiled user dll's ...
Registered in 0.001559 seconds.
Begin MonoManager ReloadAssembly
Native extension for WindowsStandalone target not found
Native extension for WebGL target not found
Refreshing native plugins compatible for Editor in 0.33 ms, found 0 plugins.
Preloading 0 native plugins for Editor in 0.00 ms.
Mono: successfully reloaded assembly
- Completed reload, in  4.140 seconds
Platform modules already initialized, skipping
Refreshing native plugins compatible for Editor in 0.40 ms, found 0 plugins.
Preloading 0 native plugins for Editor in 0.00 ms.
Unloading 1110 Unused Serialized files (Serialized files now loaded: 0)
System memory in use before: 73.3 MB.
System memory in use after: 73.4 MB.

Unloading 4 unused Assets to reduce memory usage. Loaded Objects now: 1698.
Total: 4.081100 ms (FindLiveObjects: 0.826500 ms CreateObjectMapping: 0.365500 ms MarkObjects: 2.867200 ms  DeleteObjects: 0.019600 ms)

========================================================================
Received Import Request.
  Time since last request: 91268.505793 seconds.
  path: Assets/Scripts/PlayerControler.cs
  artifactKey: Guid(7df15d5cf30b64d46ae9f842f714a09f) Importer(815301076,1909f56bfc062723c751e8b465ee728b)
Start importing Assets/Scripts/PlayerControler.cs using Guid(7df15d5cf30b64d46ae9f842f714a09f) Importer(815301076,1909f56bfc062723c751e8b465ee728b)  -> (artifact id: 'f1f6048ec01c2d957218b5b5f0a8779d') in 0.241150 seconds
  Import took 0.291255 seconds .

========================================================================
Received Prepare
Registering precompiled user dll's ...
Registered in 0.038052 seconds.
Begin MonoManager ReloadAssembly
Native extension for WindowsStandalone target not found
Native extension for WebGL target not found
Refreshing native plugins compatible for Editor in 0.38 ms, found 0 plugins.
Preloading 0 native plugins for Editor in 0.00 ms.
Mono: successfully reloaded assembly
- Completed reload, in 16.103 seconds
Platform modules already initialized, skipping
Refreshing native plugins compatible for Editor in 0.60 ms, found 0 plugins.
Preloading 0 native plugins for Editor in 0.00 ms.
Unloading 1110 Unused Serialized files (Serialized files now loaded: 0)
System memory in use before: 73.3 MB.
System memory in use after: 73.4 MB.

Unloading 4 unused Assets to reduce memory usage. Loaded Objects now: 1701.
Total: 149.253200 ms (FindLiveObjects: 0.834600 ms CreateObjectMapping: 0.182700 ms MarkObjects: 148.096300 ms  DeleteObjects: 0.135400 ms)

========================================================================
Received Prepare
Registering precompiled user dll's ...
Registered in 0.001778 seconds.
Begin MonoManager ReloadAssembly
Native extension for WindowsStandalone target not found
Native extension for WebGL target not found
Refreshing native plugins compatible for Editor in 0.25 ms, found 0 plugins.
Preloading 0 native plugins for Editor in 0.00 ms.
Mono: successfully reloaded assembly
- Completed reload, in  2.696 seconds
Platform modules already initialized, skipping
Refreshing native plugins compatible for Editor in 0.41 ms, found 0 plugins.
Preloading 0 native plugins for Editor in 0.00 ms.
Unloading 1110 Unused Serialized files (Serialized files now loaded: 0)
System memory in use before: 73.3 MB.
System memory in use after: 73.4 MB.

Unloading 4 unused Assets to reduce memory usage. Loaded Objects now: 1704.
Total: 2.455100 ms (FindLiveObjects: 0.260200 ms CreateObjectMapping: 0.071000 ms MarkObjects: 2.099500 ms  DeleteObjects: 0.022700 ms)

AssetImportWorkerClient::OnTransportError - code=2 error=End of file
